2015-08-02 13:46:19.145 moments_mobile[20180:847110] DiskCookieStorage changing policy from 2 to 0, cookie file: file:///Users/acanyon/Library/Developer/CoreSimulator/Devices/01F7B004-CEB4-470D-9FD7-5B17775A5EB7/data/Containers/Data/Application/89375F33-99B0-446D-9D55-DAD524311215/Library/Cookies/Cookies.binarycookies
2015-08-02 13:46:19.331 moments_mobile[20180:847110] Apache Cordova native platform version 3.8.0 is starting.
2015-08-02 13:46:19.331 moments_mobile[20180:847110] Multi-tasking -> Device: YES, App: YES
2015-08-02 13:46:19.343 moments_mobile[20180:847110] Unlimited access to network resources
2015-08-02 13:46:19.462 moments_mobile[20180:847110] [CDVTimer][keyboard] 0.055015ms
2015-08-02 13:46:19.562 moments_mobile[20180:847110] [CDVTimer][splashscreen] 99.628985ms
2015-08-02 13:46:19.562 moments_mobile[20180:847110] [CDVTimer][TotalPluginStartup] 100.593030ms
2015-08-02 13:46:19.830 moments_mobile[20180:847110] Resetting plugins due to page load.
2015-08-02 13:46:19.995 moments_mobile[20180:847110] Finished load of: file:///Users/acanyon/Library/Developer/CoreSimulator/Devices/01F7B004-CEB4-470D-9FD7-5B17775A5EB7/data/Containers/Bundle/Application/C944573C-52CB-4DDA-B71E-8AB4F0C41953/moments_mobile.app/www/index.html#/tab/dash
2015-08-02 15:00:01.692 moments_mobile[21116:871241] DiskCookieStorage changing policy from 2 to 0, cookie file: file:///Users/acanyon/Library/Developer/CoreSimulator/Devices/01F7B004-CEB4-470D-9FD7-5B17775A5EB7/data/Containers/Data/Application/E83048A5-0B1F-4684-BA4C-525F2FE6B177/Library/Cookies/Cookies.binarycookies
2015-08-02 15:00:01.808 moments_mobile[21116:871241] Apache Cordova native platform version 3.8.0 is starting.
2015-08-02 15:00:01.808 moments_mobile[21116:871241] Multi-tasking -> Device: YES, App: YES
2015-08-02 15:00:01.810 moments_mobile[21116:871241] Unlimited access to network resources
2015-08-02 15:00:01.874 moments_mobile[21116:871241] [CDVTimer][keyboard] 0.053048ms
2015-08-02 15:00:01.892 moments_mobile[21116:871241] [CDVTimer][splashscreen] 16.871989ms
2015-08-02 15:00:01.892 moments_mobile[21116:871241] [CDVTimer][TotalPluginStartup] 17.219007ms
2015-08-02 15:00:02.037 moments_mobile[21116:871241] Resetting plugins due to page load.
2015-08-02 15:00:02.168 moments_mobile[21116:871241] Finished load of: file:///Users/acanyon/Library/Developer/CoreSimulator/Devices/01F7B004-CEB4-470D-9FD7-5B17775A5EB7/data/Containers/Bundle/Application/AC22ECE9-016B-46A4-8C9F-3FA0658329F7/moments_mobile.app/www/index.html#/tab/dash
2015-08-02 15:02:29.906 moments_mobile[21287:872862] DiskCookieStorage changing policy from 2 to 0, cookie file: file:///Users/acanyon/Library/Developer/CoreSimulator/Devices/01F7B004-CEB4-470D-9FD7-5B17775A5EB7/data/Containers/Data/Application/168353AE-4938-454C-B00E-25E6200B59FF/Library/Cookies/Cookies.binarycookies
2015-08-02 15:02:29.990 moments_mobile[21287:872862] Apache Cordova native platform version 3.8.0 is starting.
2015-08-02 15:02:29.990 moments_mobile[21287:872862] Multi-tasking -> Device: YES, App: YES
2015-08-02 15:02:29.992 moments_mobile[21287:872862] Unlimited access to network resources
2015-08-02 15:02:30.057 moments_mobile[21287:872862] [CDVTimer][keyboard] 0.055015ms
2015-08-02 15:02:30.070 moments_mobile[21287:872862] [CDVTimer][splashscreen] 12.235999ms
2015-08-02 15:02:30.070 moments_mobile[21287:872862] [CDVTimer][TotalPluginStartup] 12.591004ms
2015-08-02 15:02:30.136 moments_mobile[21287:872862] Resetting plugins due to page load.
2015-08-02 15:02:30.271 moments_mobile[21287:872862] Finished load of: file:///Users/acanyon/Library/Developer/CoreSimulator/Devices/01F7B004-CEB4-470D-9FD7-5B17775A5EB7/data/Containers/Bundle/Application/B3660DC7-6BC0-47CF-82C7-847D55967693/moments_mobile.app/www/index.html#/tab/dash
2015-08-02 15:03:43.221 moments_mobile[21448:873723] DiskCookieStorage changing policy from 2 to 0, cookie file: file:///Users/acanyon/Library/Developer/CoreSimulator/Devices/01F7B004-CEB4-470D-9FD7-5B17775A5EB7/data/Containers/Data/Application/AA0EE45C-D2B2-46B6-B484-883A8FB75E57/Library/Cookies/Cookies.binarycookies
2015-08-02 15:03:43.310 moments_mobile[21448:873723] Apache Cordova native platform version 3.8.0 is starting.
2015-08-02 15:03:43.310 moments_mobile[21448:873723] Multi-tasking -> Device: YES, App: YES
2015-08-02 15:03:43.311 moments_mobile[21448:873723] Unlimited access to network resources
2015-08-02 15:03:43.380 moments_mobile[21448:873723] [CDVTimer][keyboard] 0.066996ms
2015-08-02 15:03:43.392 moments_mobile[21448:873723] [CDVTimer][splashscreen] 11.920989ms
2015-08-02 15:03:43.392 moments_mobile[21448:873723] [CDVTimer][TotalPluginStartup] 12.266994ms
2015-08-02 15:03:43.472 moments_mobile[21448:873723] Resetting plugins due to page load.
2015-08-02 15:03:43.602 moments_mobile[21448:873723] Finished load of: file:///Users/acanyon/Library/Developer/CoreSimulator/Devices/01F7B004-CEB4-470D-9FD7-5B17775A5EB7/data/Containers/Bundle/Application/6D6F8EAB-A275-46D5-B2E6-04B81D712874/moments_mobile.app/www/index.html#/tab/dash
2015-08-02 15:06:09.050 moments_mobile[21615:875097] DiskCookieStorage changing policy from 2 to 0, cookie file: file:///Users/acanyon/Library/Developer/CoreSimulator/Devices/01F7B004-CEB4-470D-9FD7-5B17775A5EB7/data/Containers/Data/Application/D5C04D0A-9D4E-406B-B44C-5FDD8E39D305/Library/Cookies/Cookies.binarycookies
2015-08-02 15:06:09.123 moments_mobile[21615:875097] Apache Cordova native platform version 3.8.0 is starting.
2015-08-02 15:06:09.124 moments_mobile[21615:875097] Multi-tasking -> Device: YES, App: YES
2015-08-02 15:06:09.125 moments_mobile[21615:875097] Unlimited access to network resources
2015-08-02 15:06:09.190 moments_mobile[21615:875097] [CDVTimer][keyboard] 0.073016ms
2015-08-02 15:06:09.203 moments_mobile[21615:875097] [CDVTimer][splashscreen] 12.391031ms
2015-08-02 15:06:09.203 moments_mobile[21615:875097] [CDVTimer][TotalPluginStartup] 12.764990ms
2015-08-02 15:06:09.264 moments_mobile[21615:875097] Resetting plugins due to page load.
2015-08-02 15:06:09.393 moments_mobile[21615:875097] Finished load of: file:///Users/acanyon/Library/Developer/CoreSimulator/Devices/01F7B004-CEB4-470D-9FD7-5B17775A5EB7/data/Containers/Bundle/Application/7AEF844B-07A8-4F5D-8709-D8678F35796E/moments_mobile.app/www/index.html#/tab/dash
2015-08-02 15:07:16.960 moments_mobile[21780:876127] DiskCookieStorage changing policy from 2 to 0, cookie file: file:///Users/acanyon/Library/Developer/CoreSimulator/Devices/01F7B004-CEB4-470D-9FD7-5B17775A5EB7/data/Containers/Data/Application/1CE29B32-2566-4EA9-AB5F-C5E97E62D5EB/Library/Cookies/Cookies.binarycookies
2015-08-02 15:07:17.031 moments_mobile[21780:876127] Apache Cordova native platform version 3.8.0 is starting.
2015-08-02 15:07:17.031 moments_mobile[21780:876127] Multi-tasking -> Device: YES, App: YES
2015-08-02 15:07:17.032 moments_mobile[21780:876127] Unlimited access to network resources
2015-08-02 15:07:17.097 moments_mobile[21780:876127] [CDVTimer][keyboard] 0.048995ms
2015-08-02 15:07:17.109 moments_mobile[21780:876127] [CDVTimer][splashscreen] 12.310982ms
2015-08-02 15:07:17.109 moments_mobile[21780:876127] [CDVTimer][TotalPluginStartup] 12.634039ms
2015-08-02 15:07:17.171 moments_mobile[21780:876127] Resetting plugins due to page load.
2015-08-02 15:07:17.305 moments_mobile[21780:876127] Finished load of: file:///Users/acanyon/Library/Developer/CoreSimulator/Devices/01F7B004-CEB4-470D-9FD7-5B17775A5EB7/data/Containers/Bundle/Application/A5F6C112-C11C-4102-8B9E-12AC15C3E884/moments_mobile.app/www/index.html#/tab/dash
2015-08-08 10:19:22.533 moments_mobile[29547:1435872] DiskCookieStorage changing policy from 2 to 0, cookie file: file:///Users/acanyon/Library/Developer/CoreSimulator/Devices/01F7B004-CEB4-470D-9FD7-5B17775A5EB7/data/Containers/Data/Application/1742E8BB-E169-413C-8F5F-0CDBF8C7A743/Library/Cookies/Cookies.binarycookies
2015-08-08 10:19:22.787 moments_mobile[29547:1435872] Apache Cordova native platform version 3.8.0 is starting.
2015-08-08 10:19:22.788 moments_mobile[29547:1435872] Multi-tasking -> Device: YES, App: YES
2015-08-08 10:19:22.801 moments_mobile[29547:1435872] Unlimited access to network resources
2015-08-08 10:19:23.125 moments_mobile[29547:1435872] [CDVTimer][keyboard] 0.072002ms
2015-08-08 10:19:23.286 moments_mobile[29547:1435872] [CDVTimer][splashscreen] 160.908043ms
2015-08-08 10:19:23.287 moments_mobile[29547:1435872] [CDVTimer][TotalPluginStartup] 161.587000ms
2015-08-08 10:19:23.407 moments_mobile[29547:1435872] Resetting plugins due to page load.
2015-08-08 10:19:23.794 moments_mobile[29547:1435872] Finished load of: file:///Users/acanyon/Library/Developer/CoreSimulator/Devices/01F7B004-CEB4-470D-9FD7-5B17775A5EB7/data/Containers/Bundle/Application/F34ADDEE-31BB-4C2F-8EAB-DDE40E0F4C7D/moments_mobile.app/www/index.html
2015-08-08 10:20:13.667 moments_mobile[29702:1436956] DiskCookieStorage changing policy from 2 to 0, cookie file: file:///Users/acanyon/Library/Developer/CoreSimulator/Devices/01F7B004-CEB4-470D-9FD7-5B17775A5EB7/data/Containers/Data/Application/FF6CC60B-D787-4DA3-B266-9EDCCF4C9770/Library/Cookies/Cookies.binarycookies
2015-08-08 10:20:13.747 moments_mobile[29702:1436956] Apache Cordova native platform version 3.8.0 is starting.
2015-08-08 10:20:13.748 moments_mobile[29702:1436956] Multi-tasking -> Device: YES, App: YES
2015-08-08 10:20:13.749 moments_mobile[29702:1436956] Unlimited access to network resources
2015-08-08 10:20:13.814 moments_mobile[29702:1436956] [CDVTimer][keyboard] 0.050962ms
2015-08-08 10:20:13.826 moments_mobile[29702:1436956] [CDVTimer][splashscreen] 11.810005ms
2015-08-08 10:20:13.826 moments_mobile[29702:1436956] [CDVTimer][TotalPluginStartup] 12.118995ms
2015-08-08 10:20:13.889 moments_mobile[29702:1436956] Resetting plugins due to page load.
2015-08-08 10:20:13.975 moments_mobile[29702:1436956] Finished load of: file:///Users/acanyon/Library/Developer/CoreSimulator/Devices/01F7B004-CEB4-470D-9FD7-5B17775A5EB7/data/Containers/Bundle/Application/CD067407-4DDF-4795-959D-66D9D8DF678F/moments_mobile.app/www/index.html
2015-08-08 10:21:40.893 moments_mobile[29852:1437951] DiskCookieStorage changing policy from 2 to 0, cookie file: file:///Users/acanyon/Library/Developer/CoreSimulator/Devices/01F7B004-CEB4-470D-9FD7-5B17775A5EB7/data/Containers/Data/Application/5B276258-79FB-4CD5-B44F-2342F8C5116E/Library/Cookies/Cookies.binarycookies
2015-08-08 10:21:40.978 moments_mobile[29852:1437951] Apache Cordova native platform version 3.8.0 is starting.
2015-08-08 10:21:40.978 moments_mobile[29852:1437951] Multi-tasking -> Device: YES, App: YES
2015-08-08 10:21:40.980 moments_mobile[29852:1437951] Unlimited access to network resources
2015-08-08 10:21:41.045 moments_mobile[29852:1437951] [CDVTimer][keyboard] 0.054955ms
2015-08-08 10:21:41.057 moments_mobile[29852:1437951] [CDVTimer][splashscreen] 11.942983ms
2015-08-08 10:21:41.057 moments_mobile[29852:1437951] [CDVTimer][TotalPluginStartup] 12.263000ms
2015-08-08 10:21:41.120 moments_mobile[29852:1437951] Resetting plugins due to page load.
2015-08-08 10:21:41.211 moments_mobile[29852:1437951] Finished load of: file:///Users/acanyon/Library/Developer/CoreSimulator/Devices/01F7B004-CEB4-470D-9FD7-5B17775A5EB7/data/Containers/Bundle/Application/5449CCC0-03B7-463B-B251-0F8B8F1968EC/moments_mobile.app/www/index.html
2015-08-08 10:42:17.779 moments_mobile[31540:1456285] DiskCookieStorage changing policy from 2 to 0, cookie file: file:///Users/acanyon/Library/Developer/CoreSimulator/Devices/01F7B004-CEB4-470D-9FD7-5B17775A5EB7/data/Containers/Data/Application/607C372A-C12E-4DAD-BB91-120A9FBEBFC3/Library/Cookies/Cookies.binarycookies
2015-08-08 10:42:17.842 moments_mobile[31540:1456285] Apache Cordova native platform version 3.8.0 is starting.
2015-08-08 10:42:17.842 moments_mobile[31540:1456285] Multi-tasking -> Device: YES, App: YES
2015-08-08 10:42:17.844 moments_mobile[31540:1456285] Unlimited access to network resources
2015-08-08 10:42:17.915 moments_mobile[31540:1456285] [CDVTimer][keyboard] 0.052989ms
2015-08-08 10:42:17.949 moments_mobile[31540:1456285] [CDVTimer][splashscreen] 34.221947ms
2015-08-08 10:42:17.950 moments_mobile[31540:1456285] [CDVTimer][TotalPluginStartup] 34.915030ms
2015-08-08 10:42:18.012 moments_mobile[31540:1456285] Resetting plugins due to page load.
2015-08-08 10:42:18.094 moments_mobile[31540:1456285] Finished load of: file:///Users/acanyon/Library/Developer/CoreSimulator/Devices/01F7B004-CEB4-470D-9FD7-5B17775A5EB7/data/Containers/Bundle/Application/80110EAC-136F-4105-AC90-6A0CBDDB3D8B/moments_mobile.app/www/index.html
2015-08-08 10:45:26.599 moments_mobile[31707:1459787] DiskCookieStorage changing policy from 2 to 0, cookie file: file:///Users/acanyon/Library/Developer/CoreSimulator/Devices/01F7B004-CEB4-470D-9FD7-5B17775A5EB7/data/Containers/Data/Application/0874C2DD-7C88-4685-B641-7E04CA6AFDAA/Library/Cookies/Cookies.binarycookies
2015-08-08 10:45:26.764 moments_mobile[31707:1459787] Apache Cordova native platform version 3.8.0 is starting.
2015-08-08 10:45:26.765 moments_mobile[31707:1459787] Multi-tasking -> Device: YES, App: YES
2015-08-08 10:45:26.766 moments_mobile[31707:1459787] Unlimited access to network resources
2015-08-08 10:45:26.857 moments_mobile[31707:1459787] [CDVTimer][keyboard] 0.056028ms
2015-08-08 10:45:26.879 moments_mobile[31707:1459787] [CDVTimer][splashscreen] 22.456050ms
2015-08-08 10:45:26.879 moments_mobile[31707:1459787] [CDVTimer][TotalPluginStartup] 22.785962ms
2015-08-08 10:45:26.949 moments_mobile[31707:1459787] Resetting plugins due to page load.
2015-08-08 10:45:27.038 moments_mobile[31707:1459787] Finished load of: file:///Users/acanyon/Library/Developer/CoreSimulator/Devices/01F7B004-CEB4-470D-9FD7-5B17775A5EB7/data/Containers/Bundle/Application/F3EBD30A-CE28-4414-823C-EC01BDB63ED0/moments_mobile.app/www/index.html
2015-08-08 10:50:31.553 moments_mobile[32221:1462713] DiskCookieStorage changing policy from 2 to 0, cookie file: file:///Users/acanyon/Library/Developer/CoreSimulator/Devices/01F7B004-CEB4-470D-9FD7-5B17775A5EB7/data/Containers/Data/Application/E184C7E1-9FFE-4789-923B-0F12F5B059A9/Library/Cookies/Cookies.binarycookies
2015-08-08 10:50:31.616 moments_mobile[32221:1462713] Apache Cordova native platform version 3.8.0 is starting.
2015-08-08 10:50:31.616 moments_mobile[32221:1462713] Multi-tasking -> Device: YES, App: YES
2015-08-08 10:50:31.618 moments_mobile[32221:1462713] Unlimited access to network resources
2015-08-08 10:50:31.684 moments_mobile[32221:1462713] [CDVTimer][keyboard] 0.050008ms
2015-08-08 10:50:31.707 moments_mobile[32221:1462713] [CDVTimer][splashscreen] 22.885025ms
2015-08-08 10:50:31.707 moments_mobile[32221:1462713] [CDVTimer][TotalPluginStartup] 23.213983ms
2015-08-08 10:50:31.766 moments_mobile[32221:1462713] Resetting plugins due to page load.
2015-08-08 10:50:31.841 moments_mobile[32221:1462713] Finished load of: file:///Users/acanyon/Library/Developer/CoreSimulator/Devices/01F7B004-CEB4-470D-9FD7-5B17775A5EB7/data/Containers/Bundle/Application/A73713B1-1680-4631-B1B0-1839E570D7B5/moments_mobile.app/www/index.html
2015-08-08 10:55:09.189 moments_mobile[32403:1466688] DiskCookieStorage changing policy from 2 to 0, cookie file: file:///Users/acanyon/Library/Developer/CoreSimulator/Devices/01F7B004-CEB4-470D-9FD7-5B17775A5EB7/data/Containers/Data/Application/ABCE2901-7098-4600-8B8D-8A815169A749/Library/Cookies/Cookies.binarycookies
2015-08-08 10:55:09.313 moments_mobile[32403:1466688] Apache Cordova native platform version 3.8.0 is starting.
2015-08-08 10:55:09.313 moments_mobile[32403:1466688] Multi-tasking -> Device: YES, App: YES
2015-08-08 10:55:09.314 moments_mobile[32403:1466688] Unlimited access to network resources
2015-08-08 10:55:09.384 moments_mobile[32403:1466688] [CDVTimer][keyboard] 0.052035ms
2015-08-08 10:55:09.402 moments_mobile[32403:1466688] [CDVTimer][splashscreen] 18.253982ms
2015-08-08 10:55:09.403 moments_mobile[32403:1466688] [CDVTimer][TotalPluginStartup] 18.562973ms
2015-08-08 10:55:09.491 moments_mobile[32403:1466688] Resetting plugins due to page load.
2015-08-08 10:55:09.566 moments_mobile[32403:1466688] Finished load of: file:///Users/acanyon/Library/Developer/CoreSimulator/Devices/01F7B004-CEB4-470D-9FD7-5B17775A5EB7/data/Containers/Bundle/Application/ED9C0B1B-13AD-4B60-A388-3023DE9D910C/moments_mobile.app/www/index.html
2015-08-08 10:55:46.608 moments_mobile[32547:1467287] DiskCookieStorage changing policy from 2 to 0, cookie file: file:///Users/acanyon/Library/Developer/CoreSimulator/Devices/01F7B004-CEB4-470D-9FD7-5B17775A5EB7/data/Containers/Data/Application/CE0264C0-4334-411F-9AB9-703B2AF9C520/Library/Cookies/Cookies.binarycookies
2015-08-08 10:55:46.666 moments_mobile[32547:1467287] Apache Cordova native platform version 3.8.0 is starting.
2015-08-08 10:55:46.666 moments_mobile[32547:1467287] Multi-tasking -> Device: YES, App: YES
2015-08-08 10:55:46.670 moments_mobile[32547:1467287] Unlimited access to network resources
2015-08-08 10:55:46.735 moments_mobile[32547:1467287] [CDVTimer][keyboard] 0.056028ms
2015-08-08 10:55:46.747 moments_mobile[32547:1467287] [CDVTimer][splashscreen] 12.216985ms
2015-08-08 10:55:46.747 moments_mobile[32547:1467287] [CDVTimer][TotalPluginStartup] 12.539029ms
2015-08-08 10:55:46.807 moments_mobile[32547:1467287] Resetting plugins due to page load.
2015-08-08 10:55:46.895 moments_mobile[32547:1467287] Finished load of: file:///Users/acanyon/Library/Developer/CoreSimulator/Devices/01F7B004-CEB4-470D-9FD7-5B17775A5EB7/data/Containers/Bundle/Application/5BDA4285-76C2-4288-B12C-3E0AFF41E079/moments_mobile.app/www/index.html
2015-08-08 11:05:10.335 moments_mobile[33601:1476736] DiskCookieStorage changing policy from 2 to 0, cookie file: file:///Users/acanyon/Library/Developer/CoreSimulator/Devices/01F7B004-CEB4-470D-9FD7-5B17775A5EB7/data/Containers/Data/Application/BD2BB4C7-C64E-4194-A6EE-EE441F7FB432/Library/Cookies/Cookies.binarycookies
2015-08-08 11:05:10.456 moments_mobile[33601:1476736] Apache Cordova native platform version 3.8.0 is starting.
2015-08-08 11:05:10.456 moments_mobile[33601:1476736] Multi-tasking -> Device: YES, App: YES
2015-08-08 11:05:10.458 moments_mobile[33601:1476736] Unlimited access to network resources
2015-08-08 11:05:10.522 moments_mobile[33601:1476736] [CDVTimer][keyboard] 0.052989ms
2015-08-08 11:05:10.543 moments_mobile[33601:1476736] [CDVTimer][splashscreen] 20.626009ms
2015-08-08 11:05:10.543 moments_mobile[33601:1476736] [CDVTimer][TotalPluginStartup] 20.940006ms
2015-08-08 11:05:10.650 moments_mobile[33601:1476736] Resetting plugins due to page load.
2015-08-08 11:05:10.727 moments_mobile[33601:1476736] Finished load of: file:///Users/acanyon/Library/Developer/CoreSimulator/Devices/01F7B004-CEB4-470D-9FD7-5B17775A5EB7/data/Containers/Bundle/Application/411948EC-172C-4499-A587-8DDDE3F24D82/moments_mobile.app/www/index.html
2015-08-08 11:20:54.064 moments_mobile[33904:1495354] DiskCookieStorage changing policy from 2 to 0, cookie file: file:///Users/acanyon/Library/Developer/CoreSimulator/Devices/01F7B004-CEB4-470D-9FD7-5B17775A5EB7/data/Containers/Data/Application/7433E35B-87A6-4E82-9DFF-3CF6453B2A20/Library/Cookies/Cookies.binarycookies
2015-08-08 11:20:54.175 moments_mobile[33904:1495354] Apache Cordova native platform version 3.8.0 is starting.
2015-08-08 11:20:54.175 moments_mobile[33904:1495354] Multi-tasking -> Device: YES, App: YES
2015-08-08 11:20:54.176 moments_mobile[33904:1495354] Unlimited access to network resources
2015-08-08 11:20:54.242 moments_mobile[33904:1495354] [CDVTimer][keyboard] 0.054002ms
2015-08-08 11:20:54.263 moments_mobile[33904:1495354] [CDVTimer][splashscreen] 20.451009ms
2015-08-08 11:20:54.263 moments_mobile[33904:1495354] [CDVTimer][TotalPluginStartup] 20.779967ms
2015-08-08 11:20:54.396 moments_mobile[33904:1495354] Resetting plugins due to page load.
2015-08-08 11:20:54.463 moments_mobile[33904:1495354] Finished load of: file:///Users/acanyon/Library/Developer/CoreSimulator/Devices/01F7B004-CEB4-470D-9FD7-5B17775A5EB7/data/Containers/Bundle/Application/1A96099C-F421-44BA-9471-DDBB8C3AEC99/moments_mobile.app/www/index.html
2015-08-08 19:53:15.262 moments_mobile[39473:1650023] DiskCookieStorage changing policy from 2 to 0, cookie file: file:///Users/acanyon/Library/Developer/CoreSimulator/Devices/01F7B004-CEB4-470D-9FD7-5B17775A5EB7/data/Containers/Data/Application/E8AF7717-D25C-4D25-B97C-6C88073F258D/Library/Cookies/Cookies.binarycookies
2015-08-08 19:53:15.343 moments_mobile[39473:1650023] Apache Cordova native platform version 3.8.0 is starting.
2015-08-08 19:53:15.343 moments_mobile[39473:1650023] Multi-tasking -> Device: YES, App: YES
2015-08-08 19:53:15.345 moments_mobile[39473:1650023] Unlimited access to network resources
2015-08-08 19:53:15.416 moments_mobile[39473:1650023] [CDVTimer][keyboard] 0.057995ms
2015-08-08 19:53:15.481 moments_mobile[39473:1650023] [CDVTimer][splashscreen] 64.755976ms
2015-08-08 19:53:15.481 moments_mobile[39473:1650023] [CDVTimer][TotalPluginStartup] 65.653980ms
2015-08-08 19:53:15.572 moments_mobile[39473:1650023] Resetting plugins due to page load.
2015-08-08 19:53:15.665 moments_mobile[39473:1650023] Finished load of: file:///Users/acanyon/Library/Developer/CoreSimulator/Devices/01F7B004-CEB4-470D-9FD7-5B17775A5EB7/data/Containers/Bundle/Application/9F14AF7D-24BF-4293-AA10-FC9DC17EC694/moments_mobile.app/www/index.html
2015-08-09 12:00:14.512 moments_mobile[40429:1750705] DiskCookieStorage changing policy from 2 to 0, cookie file: file:///Users/acanyon/Library/Developer/CoreSimulator/Devices/01F7B004-CEB4-470D-9FD7-5B17775A5EB7/data/Containers/Data/Application/FC22F71A-46F6-4597-A799-C8C30731F06C/Library/Cookies/Cookies.binarycookies
2015-08-09 12:00:14.595 moments_mobile[40429:1750705] Apache Cordova native platform version 3.8.0 is starting.
2015-08-09 12:00:14.595 moments_mobile[40429:1750705] Multi-tasking -> Device: YES, App: YES
2015-08-09 12:00:14.597 moments_mobile[40429:1750705] Unlimited access to network resources
2015-08-09 12:00:14.669 moments_mobile[40429:1750705] [CDVTimer][keyboard] 0.077963ms
2015-08-09 12:00:14.741 moments_mobile[40429:1750705] [CDVTimer][splashscreen] 71.812987ms
2015-08-09 12:00:14.741 moments_mobile[40429:1750705] [CDVTimer][TotalPluginStartup] 72.600007ms
2015-08-09 12:00:14.857 moments_mobile[40429:1750705] Resetting plugins due to page load.
2015-08-09 12:00:14.969 moments_mobile[40429:1750705] Finished load of: file:///Users/acanyon/Library/Developer/CoreSimulator/Devices/01F7B004-CEB4-470D-9FD7-5B17775A5EB7/data/Containers/Bundle/Application/5881CC99-E5B0-466A-98E6-968DA6A6FC7E/moments_mobile.app/www/index.html
2015-08-09 13:10:18.638 moments_mobile[42163:1782471] DiskCookieStorage changing policy from 2 to 0, cookie file: file:///Users/acanyon/Library/Developer/CoreSimulator/Devices/01F7B004-CEB4-470D-9FD7-5B17775A5EB7/data/Containers/Data/Application/AA4063DF-AB7B-458D-9F9C-FFFF359BF0A8/Library/Cookies/Cookies.binarycookies
2015-08-09 13:10:18.699 moments_mobile[42163:1782471] Apache Cordova native platform version 3.8.0 is starting.
2015-08-09 13:10:18.699 moments_mobile[42163:1782471] Multi-tasking -> Device: YES, App: YES
2015-08-09 13:10:18.701 moments_mobile[42163:1782471] Unlimited access to network resources
2015-08-09 13:10:18.772 moments_mobile[42163:1782471] [CDVTimer][keyboard] 0.052035ms
2015-08-09 13:10:18.793 moments_mobile[42163:1782471] [CDVTimer][splashscreen] 21.217048ms
2015-08-09 13:10:18.794 moments_mobile[42163:1782471] [CDVTimer][TotalPluginStartup] 21.955967ms
2015-08-09 13:10:18.848 moments_mobile[42163:1782471] Resetting plugins due to page load.
2015-08-09 13:10:18.917 moments_mobile[42163:1782471] Finished load of: file:///Users/acanyon/Library/Developer/CoreSimulator/Devices/01F7B004-CEB4-470D-9FD7-5B17775A5EB7/data/Containers/Bundle/Application/6D48E067-E286-408B-9BD5-AB5D1EEC78D1/moments_mobile.app/www/index.html
2015-08-09 17:14:27.163 moments_mobile[43736:1819554] DiskCookieStorage changing policy from 2 to 0, cookie file: file:///Users/acanyon/Library/Developer/CoreSimulator/Devices/01F7B004-CEB4-470D-9FD7-5B17775A5EB7/data/Containers/Data/Application/72984C07-139E-4C3A-83A7-78A03C0A9A02/Library/Cookies/Cookies.binarycookies
2015-08-09 17:14:27.231 moments_mobile[43736:1819554] Apache Cordova native platform version 3.8.0 is starting.
2015-08-09 17:14:27.232 moments_mobile[43736:1819554] Multi-tasking -> Device: YES, App: YES
2015-08-09 17:14:27.233 moments_mobile[43736:1819554] Unlimited access to network resources
2015-08-09 17:14:27.302 moments_mobile[43736:1819554] [CDVTimer][keyboard] 0.054002ms
2015-08-09 17:14:27.334 moments_mobile[43736:1819554] [CDVTimer][splashscreen] 31.788051ms
2015-08-09 17:14:27.335 moments_mobile[43736:1819554] [CDVTimer][TotalPluginStartup] 32.146990ms
2015-08-09 17:14:27.406 moments_mobile[43736:1819554] Resetting plugins due to page load.
2015-08-09 17:14:27.478 moments_mobile[43736:1819554] Finished load of: file:///Users/acanyon/Library/Developer/CoreSimulator/Devices/01F7B004-CEB4-470D-9FD7-5B17775A5EB7/data/Containers/Bundle/Application/97B27931-3134-4DCF-A93F-B183DA30093E/moments_mobile.app/www/index.html
2015-08-09 17:23:43.882 moments_mobile[43914:1824486] DiskCookieStorage changing policy from 2 to 0, cookie file: file:///Users/acanyon/Library/Developer/CoreSimulator/Devices/01F7B004-CEB4-470D-9FD7-5B17775A5EB7/data/Containers/Data/Application/58831780-1D7B-41B4-9CA1-4EB34475BF43/Library/Cookies/Cookies.binarycookies
2015-08-09 17:23:44.037 moments_mobile[43914:1824486] Apache Cordova native platform version 3.8.0 is starting.
2015-08-09 17:23:44.037 moments_mobile[43914:1824486] Multi-tasking -> Device: YES, App: YES
2015-08-09 17:23:44.039 moments_mobile[43914:1824486] Unlimited access to network resources
2015-08-09 17:23:44.109 moments_mobile[43914:1824486] [CDVTimer][keyboard] 0.055015ms
2015-08-09 17:23:44.135 moments_mobile[43914:1824486] [CDVTimer][splashscreen] 26.462972ms
2015-08-09 17:23:44.135 moments_mobile[43914:1824486] [CDVTimer][TotalPluginStartup] 26.858032ms
2015-08-09 17:23:44.198 moments_mobile[43914:1824486] Resetting plugins due to page load.
2015-08-09 17:23:44.264 moments_mobile[43914:1824486] Finished load of: file:///Users/acanyon/Library/Developer/CoreSimulator/Devices/01F7B004-CEB4-470D-9FD7-5B17775A5EB7/data/Containers/Bundle/Application/CF7CD4E9-5787-4693-B911-B3443FF43F1E/moments_mobile.app/www/index.html
2015-08-11 10:24:28.785 moments_mobile[47449:1993029] DiskCookieStorage changing policy from 2 to 0, cookie file: file:///Users/acanyon/Library/Developer/CoreSimulator/Devices/01F7B004-CEB4-470D-9FD7-5B17775A5EB7/data/Containers/Data/Application/273588CE-73D4-4EE2-A1E8-3EC47EBDBB0F/Library/Cookies/Cookies.binarycookies
2015-08-11 10:24:28.908 moments_mobile[47449:1993029] Apache Cordova native platform version 3.8.0 is starting.
2015-08-11 10:24:28.908 moments_mobile[47449:1993029] Multi-tasking -> Device: YES, App: YES
2015-08-11 10:24:28.920 moments_mobile[47449:1993029] Unlimited access to network resources
2015-08-11 10:24:29.039 moments_mobile[47449:1993029] [CDVTimer][keyboard] 0.072002ms
2015-08-11 10:24:29.131 moments_mobile[47449:1993029] [CDVTimer][splashscreen] 91.747046ms
2015-08-11 10:24:29.131 moments_mobile[47449:1993029] [CDVTimer][TotalPluginStartup] 92.984974ms
2015-08-11 10:24:29.237 moments_mobile[47449:1993029] Resetting plugins due to page load.
2015-08-11 10:24:29.377 moments_mobile[47449:1993029] Finished load of: file:///Users/acanyon/Library/Developer/CoreSimulator/Devices/01F7B004-CEB4-470D-9FD7-5B17775A5EB7/data/Containers/Bundle/Application/8107F57A-CB1E-4919-805E-C31F495298C6/moments_mobile.app/www/index.html
2015-08-11 13:13:34.003 moments_mobile[50973:2091233] DiskCookieStorage changing policy from 2 to 0, cookie file: file:///Users/acanyon/Library/Developer/CoreSimulator/Devices/01F7B004-CEB4-470D-9FD7-5B17775A5EB7/data/Containers/Data/Application/5EF00CEA-38B2-496B-A91F-3D247C5DBABE/Library/Cookies/Cookies.binarycookies
2015-08-11 13:13:34.128 moments_mobile[50973:2091233] Apache Cordova native platform version 3.8.0 is starting.
2015-08-11 13:13:34.128 moments_mobile[50973:2091233] Multi-tasking -> Device: YES, App: YES
2015-08-11 13:13:34.130 moments_mobile[50973:2091233] Unlimited access to network resources
2015-08-11 13:13:34.199 moments_mobile[50973:2091233] [CDVTimer][keyboard] 0.048995ms
2015-08-11 13:13:34.234 moments_mobile[50973:2091233] [CDVTimer][splashscreen] 34.431994ms
2015-08-11 13:13:34.234 moments_mobile[50973:2091233] [CDVTimer][TotalPluginStartup] 35.140991ms
2015-08-11 13:13:34.306 moments_mobile[50973:2091233] Resetting plugins due to page load.
2015-08-11 13:13:34.376 moments_mobile[50973:2091233] Finished load of: file:///Users/acanyon/Library/Developer/CoreSimulator/Devices/01F7B004-CEB4-470D-9FD7-5B17775A5EB7/data/Containers/Bundle/Application/BF6D4325-689F-48A2-8AA6-EC32B89F8C57/moments_mobile.app/www/index.html
2015-08-11 13:18:33.756 moments_mobile[51182:2095166] DiskCookieStorage changing policy from 2 to 0, cookie file: file:///Users/acanyon/Library/Developer/CoreSimulator/Devices/01F7B004-CEB4-470D-9FD7-5B17775A5EB7/data/Containers/Data/Application/BDE0F83A-F2CF-49D8-99BE-FA644988F3D4/Library/Cookies/Cookies.binarycookies
2015-08-11 13:18:33.872 moments_mobile[51182:2095166] Apache Cordova native platform version 3.8.0 is starting.
2015-08-11 13:18:33.873 moments_mobile[51182:2095166] Multi-tasking -> Device: YES, App: YES
2015-08-11 13:18:33.874 moments_mobile[51182:2095166] Unlimited access to network resources
2015-08-11 13:18:33.953 moments_mobile[51182:2095166] [CDVTimer][keyboard] 0.082016ms
2015-08-11 13:18:33.966 moments_mobile[51182:2095166] [CDVTimer][splashscreen] 13.545036ms
2015-08-11 13:18:33.966 moments_mobile[51182:2095166] [CDVTimer][TotalPluginStartup] 13.909996ms
2015-08-11 13:18:34.098 moments_mobile[51182:2095166] Resetting plugins due to page load.
2015-08-11 13:18:34.180 moments_mobile[51182:2095166] Finished load of: file:///Users/acanyon/Library/Developer/CoreSimulator/Devices/01F7B004-CEB4-470D-9FD7-5B17775A5EB7/data/Containers/Bundle/Application/EC2CBFBC-8B91-468C-80AA-E6753C0DC067/moments_mobile.app/www/index.html
2015-08-13 11:12:15.166 moments_mobile[60215:2537827] DiskCookieStorage changing policy from 2 to 0, cookie file: file:///Users/acanyon/Library/Developer/CoreSimulator/Devices/01F7B004-CEB4-470D-9FD7-5B17775A5EB7/data/Containers/Data/Application/224F5AEE-0268-4A92-B003-6A9709C6AB6D/Library/Cookies/Cookies.binarycookies
2015-08-13 11:12:15.409 moments_mobile[60215:2537827] Apache Cordova native platform version 3.8.0 is starting.
2015-08-13 11:12:15.409 moments_mobile[60215:2537827] Multi-tasking -> Device: YES, App: YES
2015-08-13 11:12:15.423 moments_mobile[60215:2537827] Unlimited access to network resources
2015-08-13 11:12:15.759 moments_mobile[60215:2537827] [CDVTimer][keyboard] 0.060976ms
2015-08-13 11:12:15.922 moments_mobile[60215:2537827] [CDVTimer][splashscreen] 162.625015ms
2015-08-13 11:12:15.922 moments_mobile[60215:2537827] [CDVTimer][TotalPluginStartup] 163.343966ms
2015-08-13 11:12:16.032 moments_mobile[60215:2537827] Resetting plugins due to page load.
2015-08-13 11:12:16.216 moments_mobile[60215:2537827] Finished load of: file:///Users/acanyon/Library/Developer/CoreSimulator/Devices/01F7B004-CEB4-470D-9FD7-5B17775A5EB7/data/Containers/Bundle/Application/85D500A3-45B4-41EE-AD43-8BE6A26AEF0F/moments_mobile.app/www/index.html
2015-08-14 21:09:40.443 moments_mobile[67098:3061533] DiskCookieStorage changing policy from 2 to 0, cookie file: file:///Users/acanyon/Library/Developer/CoreSimulator/Devices/01F7B004-CEB4-470D-9FD7-5B17775A5EB7/data/Containers/Data/Application/B6FBB0ED-FA76-4C08-AE68-F99397CE9E9D/Library/Cookies/Cookies.binarycookies
2015-08-14 21:09:40.733 moments_mobile[67098:3061533] Apache Cordova native platform version 3.8.0 is starting.
2015-08-14 21:09:40.733 moments_mobile[67098:3061533] Multi-tasking -> Device: YES, App: YES
2015-08-14 21:09:40.749 moments_mobile[67098:3061533] Unlimited access to network resources
2015-08-14 21:09:41.100 moments_mobile[67098:3061533] [CDVTimer][keyboard] 0.055969ms
2015-08-14 21:09:41.287 moments_mobile[67098:3061533] [CDVTimer][splashscreen] 186.816990ms
2015-08-14 21:09:41.287 moments_mobile[67098:3061533] [CDVTimer][TotalPluginStartup] 187.530994ms
2015-08-14 21:09:41.431 moments_mobile[67098:3061533] Resetting plugins due to page load.
2015-08-14 21:09:41.580 moments_mobile[67098:3061533] Finished load of: file:///Users/acanyon/Library/Developer/CoreSimulator/Devices/01F7B004-CEB4-470D-9FD7-5B17775A5EB7/data/Containers/Bundle/Application/5DE1A084-338C-4DB0-BEC3-E74C2B1820C2/moments_mobile.app/www/index.html
2015-08-14 22:46:13.535 moments_mobile[67098:3093007] Terminating since there is no system app.
2015-08-18 18:21:29.150 moments_mobile[85278:4028806] DiskCookieStorage changing policy from 2 to 0, cookie file: file:///Users/acanyon/Library/Developer/CoreSimulator/Devices/01F7B004-CEB4-470D-9FD7-5B17775A5EB7/data/Containers/Data/Application/433526AA-91AC-44BB-A47C-07E60F9A3D65/Library/Cookies/Cookies.binarycookies
2015-08-18 18:21:29.540 moments_mobile[85278:4028806] Apache Cordova native platform version 3.8.0 is starting.
2015-08-18 18:21:29.540 moments_mobile[85278:4028806] Multi-tasking -> Device: YES, App: YES
2015-08-18 18:21:29.553 moments_mobile[85278:4028806] Unlimited access to network resources
2015-08-18 18:21:29.923 moments_mobile[85278:4028806] [CDVTimer][keyboard] 0.069022ms
2015-08-18 18:21:30.123 moments_mobile[85278:4028806] [CDVTimer][splashscreen] 199.829996ms
2015-08-18 18:21:30.124 moments_mobile[85278:4028806] [CDVTimer][TotalPluginStartup] 200.568020ms
2015-08-18 18:21:30.276 moments_mobile[85278:4028806] Resetting plugins due to page load.
2015-08-18 18:21:30.488 moments_mobile[85278:4028806] Finished load of: file:///Users/acanyon/Library/Developer/CoreSimulator/Devices/01F7B004-CEB4-470D-9FD7-5B17775A5EB7/data/Containers/Bundle/Application/3C782DFA-2F90-410B-B72C-446AB08DB97F/moments_mobile.app/www/index.html
2015-08-19 01:31:38.283 moments_mobile[95027:4277328] DiskCookieStorage changing policy from 2 to 0, cookie file: file:///Users/acanyon/Library/Developer/CoreSimulator/Devices/01F7B004-CEB4-470D-9FD7-5B17775A5EB7/data/Containers/Data/Application/037811D4-763D-49D1-8431-0D1482017EFB/Library/Cookies/Cookies.binarycookies
2015-08-19 01:31:38.380 moments_mobile[95027:4277328] Apache Cordova native platform version 3.8.0 is starting.
2015-08-19 01:31:38.380 moments_mobile[95027:4277328] Multi-tasking -> Device: YES, App: YES
2015-08-19 01:31:38.382 moments_mobile[95027:4277328] Unlimited access to network resources
2015-08-19 01:31:38.461 moments_mobile[95027:4277328] [CDVTimer][keyboard] 0.073016ms
2015-08-19 01:31:38.534 moments_mobile[95027:4277328] [CDVTimer][splashscreen] 72.400987ms
2015-08-19 01:31:38.534 moments_mobile[95027:4277328] [CDVTimer][TotalPluginStartup] 72.816014ms
2015-08-19 01:31:38.632 moments_mobile[95027:4277328] Resetting plugins due to page load.
2015-08-19 01:31:38.930 moments_mobile[95027:4277328] Finished load of: file:///Users/acanyon/Library/Developer/CoreSimulator/Devices/01F7B004-CEB4-470D-9FD7-5B17775A5EB7/data/Containers/Bundle/Application/A491815D-3661-407A-B46E-F4617C6780EB/moments_mobile.app/www/index.html
2015-08-19 01:33:54.613 moments_mobile[95409:4279320] DiskCookieStorage changing policy from 2 to 0, cookie file: file:///Users/acanyon/Library/Developer/CoreSimulator/Devices/01F7B004-CEB4-470D-9FD7-5B17775A5EB7/data/Containers/Data/Application/D61F0A92-17BE-4F59-B52C-F01344F66AF8/Library/Cookies/Cookies.binarycookies
2015-08-19 01:33:54.670 moments_mobile[95409:4279320] Apache Cordova native platform version 3.8.0 is starting.
2015-08-19 01:33:54.670 moments_mobile[95409:4279320] Multi-tasking -> Device: YES, App: YES
2015-08-19 01:33:54.672 moments_mobile[95409:4279320] Unlimited access to network resources
2015-08-19 01:33:54.742 moments_mobile[95409:4279320] [CDVTimer][keyboard] 0.054955ms
2015-08-19 01:33:54.754 moments_mobile[95409:4279320] [CDVTimer][splashscreen] 11.814952ms
2015-08-19 01:33:54.754 moments_mobile[95409:4279320] [CDVTimer][TotalPluginStartup] 12.152970ms
2015-08-19 01:33:54.812 moments_mobile[95409:4279320] Resetting plugins due to page load.
2015-08-19 01:33:54.984 moments_mobile[95409:4279320] Finished load of: file:///Users/acanyon/Library/Developer/CoreSimulator/Devices/01F7B004-CEB4-470D-9FD7-5B17775A5EB7/data/Containers/Bundle/Application/FEBAE10B-4E92-4622-95F5-BE7341E6BECC/moments_mobile.app/www/index.html
2015-08-19 12:02:52.495 moments_mobile[97599:4319617] DiskCookieStorage changing policy from 2 to 0, cookie file: file:///Users/acanyon/Library/Developer/CoreSimulator/Devices/01F7B004-CEB4-470D-9FD7-5B17775A5EB7/data/Containers/Data/Application/14B26154-4B88-4F63-8BB8-69B3DEC1A001/Library/Cookies/Cookies.binarycookies
2015-08-19 12:02:52.563 moments_mobile[97599:4319617] Apache Cordova native platform version 3.8.0 is starting.
2015-08-19 12:02:52.563 moments_mobile[97599:4319617] Multi-tasking -> Device: YES, App: YES
2015-08-19 12:02:52.564 moments_mobile[97599:4319617] Unlimited access to network resources
2015-08-19 12:02:52.635 moments_mobile[97599:4319617] [CDVTimer][keyboard] 0.060022ms
2015-08-19 12:02:52.670 moments_mobile[97599:4319617] [CDVTimer][splashscreen] 35.153031ms
2015-08-19 12:02:52.671 moments_mobile[97599:4319617] [CDVTimer][TotalPluginStartup] 35.592973ms
2015-08-19 12:02:52.748 moments_mobile[97599:4319617] Resetting plugins due to page load.
2015-08-19 12:02:52.904 moments_mobile[97599:4319617] Finished load of: file:///Users/acanyon/Library/Developer/CoreSimulator/Devices/01F7B004-CEB4-470D-9FD7-5B17775A5EB7/data/Containers/Bundle/Application/77776DF1-1FA8-45C2-B715-F28C51141BA6/moments_mobile.app/www/index.html
2015-08-19 12:05:10.229 moments_mobile[98030:4321388] DiskCookieStorage changing policy from 2 to 0, cookie file: file:///Users/acanyon/Library/Developer/CoreSimulator/Devices/01F7B004-CEB4-470D-9FD7-5B17775A5EB7/data/Containers/Data/Application/E688ED1F-2975-4350-BA37-361544809A86/Library/Cookies/Cookies.binarycookies
2015-08-19 12:05:10.332 moments_mobile[98030:4321388] Apache Cordova native platform version 3.8.0 is starting.
2015-08-19 12:05:10.332 moments_mobile[98030:4321388] Multi-tasking -> Device: YES, App: YES
2015-08-19 12:05:10.334 moments_mobile[98030:4321388] Unlimited access to network resources
2015-08-19 12:05:10.415 moments_mobile[98030:4321388] [CDVTimer][keyboard] 0.075996ms
2015-08-19 12:05:10.430 moments_mobile[98030:4321388] [CDVTimer][splashscreen] 15.286028ms
2015-08-19 12:05:10.430 moments_mobile[98030:4321388] [CDVTimer][TotalPluginStartup] 15.702009ms
2015-08-19 12:05:10.615 moments_mobile[98030:4321388] Resetting plugins due to page load.
2015-08-19 12:05:10.818 moments_mobile[98030:4321388] Finished load of: file:///Users/acanyon/Library/Developer/CoreSimulator/Devices/01F7B004-CEB4-470D-9FD7-5B17775A5EB7/data/Containers/Bundle/Application/FD8CC609-1D49-4288-93A7-725737DE4BF6/moments_mobile.app/www/index.html
2015-08-19 12:13:02.185 moments_mobile[98454:4324789] DiskCookieStorage changing policy from 2 to 0, cookie file: file:///Users/acanyon/Library/Developer/CoreSimulator/Devices/01F7B004-CEB4-470D-9FD7-5B17775A5EB7/data/Containers/Data/Application/ED041D61-43E4-48DC-BD54-024D64675CCC/Library/Cookies/Cookies.binarycookies
2015-08-19 12:13:02.331 moments_mobile[98454:4324789] Apache Cordova native platform version 3.8.0 is starting.
2015-08-19 12:13:02.332 moments_mobile[98454:4324789] Multi-tasking -> Device: YES, App: YES
2015-08-19 12:13:02.334 moments_mobile[98454:4324789] Unlimited access to network resources
2015-08-19 12:13:02.399 moments_mobile[98454:4324789] [CDVTimer][keyboard] 0.050962ms
2015-08-19 12:13:02.422 moments_mobile[98454:4324789] [CDVTimer][splashscreen] 22.946000ms
2015-08-19 12:13:02.422 moments_mobile[98454:4324789] [CDVTimer][TotalPluginStartup] 23.265004ms
2015-08-19 12:13:02.490 moments_mobile[98454:4324789] Resetting plugins due to page load.
2015-08-19 12:13:02.631 moments_mobile[98454:4324789] Finished load of: file:///Users/acanyon/Library/Developer/CoreSimulator/Devices/01F7B004-CEB4-470D-9FD7-5B17775A5EB7/data/Containers/Bundle/Application/4007F932-F406-4F69-B818-C34B19625294/moments_mobile.app/www/index.html
2015-08-19 14:12:13.834 moments_mobile[99940:4406847] DiskCookieStorage changing policy from 2 to 0, cookie file: file:///Users/acanyon/Library/Developer/CoreSimulator/Devices/01F7B004-CEB4-470D-9FD7-5B17775A5EB7/data/Containers/Data/Application/D3D050E3-C297-4692-A398-1DD68D866106/Library/Cookies/Cookies.binarycookies
2015-08-19 14:12:14.130 moments_mobile[99940:4406847] Apache Cordova native platform version 3.8.0 is starting.
2015-08-19 14:12:14.130 moments_mobile[99940:4406847] Multi-tasking -> Device: YES, App: YES
2015-08-19 14:12:14.145 moments_mobile[99940:4406847] Unlimited access to network resources
2015-08-19 14:12:14.484 moments_mobile[99940:4406847] [CDVTimer][keyboard] 0.070989ms
2015-08-19 14:12:14.667 moments_mobile[99940:4406847] [CDVTimer][splashscreen] 182.771981ms
2015-08-19 14:12:14.668 moments_mobile[99940:4406847] [CDVTimer][TotalPluginStartup] 183.462024ms
2015-08-19 14:12:14.813 moments_mobile[99940:4406847] Resetting plugins due to page load.
2015-08-19 14:12:15.155 moments_mobile[99940:4406847] Finished load of: file:///Users/acanyon/Library/Developer/CoreSimulator/Devices/01F7B004-CEB4-470D-9FD7-5B17775A5EB7/data/Containers/Bundle/Application/D6913237-7E85-419B-93E7-9A131F44B579/moments_mobile.app/www/index.html
2015-08-19 15:49:25.184 moments_mobile[5784:4481128] DiskCookieStorage changing policy from 2 to 0, cookie file: file:///Users/acanyon/Library/Developer/CoreSimulator/Devices/01F7B004-CEB4-470D-9FD7-5B17775A5EB7/data/Containers/Data/Application/7E264003-82D5-41E4-9B71-AD8EF0AD9B51/Library/Cookies/Cookies.binarycookies
2015-08-19 15:49:25.251 moments_mobile[5784:4481128] Apache Cordova native platform version 3.8.0 is starting.
2015-08-19 15:49:25.251 moments_mobile[5784:4481128] Multi-tasking -> Device: YES, App: YES
2015-08-19 15:49:25.253 moments_mobile[5784:4481128] Unlimited access to network resources
2015-08-19 15:49:25.326 moments_mobile[5784:4481128] [CDVTimer][keyboard] 0.142038ms
2015-08-19 15:49:25.362 moments_mobile[5784:4481128] [CDVTimer][splashscreen] 36.149979ms
2015-08-19 15:49:25.362 moments_mobile[5784:4481128] [CDVTimer][TotalPluginStartup] 36.846995ms
2015-08-19 15:49:25.444 moments_mobile[5784:4481128] Resetting plugins due to page load.
2015-08-19 15:49:25.598 moments_mobile[5784:4481128] Finished load of: file:///Users/acanyon/Library/Developer/CoreSimulator/Devices/01F7B004-CEB4-470D-9FD7-5B17775A5EB7/data/Containers/Bundle/Application/C64A29D4-4314-479D-A640-C2D7F606B091/moments_mobile.app/www/index.html
2015-08-19 15:54:04.320 moments_mobile[6978:4488750] DiskCookieStorage changing policy from 2 to 0, cookie file: file:///Users/acanyon/Library/Developer/CoreSimulator/Devices/01F7B004-CEB4-470D-9FD7-5B17775A5EB7/data/Containers/Data/Application/B629BE6B-5565-4C8D-A479-CC42EBB8AC0A/Library/Cookies/Cookies.binarycookies
2015-08-19 15:54:04.423 moments_mobile[6978:4488750] Apache Cordova native platform version 3.8.0 is starting.
2015-08-19 15:54:04.423 moments_mobile[6978:4488750] Multi-tasking -> Device: YES, App: YES
2015-08-19 15:54:04.425 moments_mobile[6978:4488750] Unlimited access to network resources
2015-08-19 15:54:04.525 moments_mobile[6978:4488750] [CDVTimer][splashscreen] 25.164008ms
2015-08-19 15:54:04.525 moments_mobile[6978:4488750] [CDVTimer][TotalPluginStartup] 25.332034ms
2015-08-19 15:54:04.596 moments_mobile[6978:4488750] Resetting plugins due to page load.
2015-08-19 15:54:04.792 moments_mobile[6978:4488750] Finished load of: file:///Users/acanyon/Library/Developer/CoreSimulator/Devices/01F7B004-CEB4-470D-9FD7-5B17775A5EB7/data/Containers/Bundle/Application/64F53FBA-73CF-4DF0-BA41-C57C5C9BAA03/moments_mobile.app/www/index.html
2015-08-19 16:02:23.421 moments_mobile[7813:4499002] DiskCookieStorage changing policy from 2 to 0, cookie file: file:///Users/acanyon/Library/Developer/CoreSimulator/Devices/01F7B004-CEB4-470D-9FD7-5B17775A5EB7/data/Containers/Data/Application/7D9DF68E-9D2B-4FE8-81FB-379ADB67AC45/Library/Cookies/Cookies.binarycookies
2015-08-19 16:02:23.526 moments_mobile[7813:4499002] Apache Cordova native platform version 3.8.0 is starting.
2015-08-19 16:02:23.527 moments_mobile[7813:4499002] Multi-tasking -> Device: YES, App: YES
2015-08-19 16:02:23.528 moments_mobile[7813:4499002] Unlimited access to network resources
2015-08-19 16:02:23.625 moments_mobile[7813:4499002] [CDVTimer][splashscreen] 22.311985ms
2015-08-19 16:02:23.625 moments_mobile[7813:4499002] [CDVTimer][keyboard] 0.051022ms
2015-08-19 16:02:23.625 moments_mobile[7813:4499002] [CDVTimer][TotalPluginStartup] 22.637010ms
2015-08-19 16:02:23.687 moments_mobile[7813:4499002] Resetting plugins due to page load.
2015-08-19 16:02:23.831 moments_mobile[7813:4499002] Finished load of: file:///Users/acanyon/Library/Developer/CoreSimulator/Devices/01F7B004-CEB4-470D-9FD7-5B17775A5EB7/data/Containers/Bundle/Application/89019A57-A740-45D8-8436-61193CA0EEB3/moments_mobile.app/www/index.html
2015-08-19 16:05:16.333 moments_mobile[8211:4502380] DiskCookieStorage changing policy from 2 to 0, cookie file: file:///Users/acanyon/Library/Developer/CoreSimulator/Devices/01F7B004-CEB4-470D-9FD7-5B17775A5EB7/data/Containers/Data/Application/724A909E-4BEF-4F69-BD31-CB3EA0CBC532/Library/Cookies/Cookies.binarycookies
2015-08-19 16:05:16.437 moments_mobile[8211:4502380] Apache Cordova native platform version 3.8.0 is starting.
2015-08-19 16:05:16.438 moments_mobile[8211:4502380] Multi-tasking -> Device: YES, App: YES
2015-08-19 16:05:16.439 moments_mobile[8211:4502380] Unlimited access to network resources
2015-08-19 16:05:16.531 moments_mobile[8211:4502380] [CDVTimer][splashscreen] 24.690986ms
2015-08-19 16:05:16.531 moments_mobile[8211:4502380] [CDVTimer][keyboard] 0.055015ms
2015-08-19 16:05:16.531 moments_mobile[8211:4502380] [CDVTimer][TotalPluginStartup] 25.007010ms
2015-08-19 16:05:16.588 moments_mobile[8211:4502380] Resetting plugins due to page load.
2015-08-19 16:05:16.739 moments_mobile[8211:4502380] Finished load of: file:///Users/acanyon/Library/Developer/CoreSimulator/Devices/01F7B004-CEB4-470D-9FD7-5B17775A5EB7/data/Containers/Bundle/Application/D70BEA6A-01CF-430E-864F-5A42D889FBD0/moments_mobile.app/www/index.html
2015-08-19 16:14:55.827 moments_mobile[9189:4510987] DiskCookieStorage changing policy from 2 to 0, cookie file: file:///Users/acanyon/Library/Developer/CoreSimulator/Devices/01F7B004-CEB4-470D-9FD7-5B17775A5EB7/data/Containers/Data/Application/C3FB2383-7231-40DF-B51D-1844C67ADEC0/Library/Cookies/Cookies.binarycookies
2015-08-19 16:14:55.952 moments_mobile[9189:4510987] Apache Cordova native platform version 3.8.0 is starting.
2015-08-19 16:14:55.953 moments_mobile[9189:4510987] Multi-tasking -> Device: YES, App: YES
2015-08-19 16:14:55.954 moments_mobile[9189:4510987] Unlimited access to network resources
2015-08-19 16:14:56.043 moments_mobile[9189:4510987] [CDVTimer][splashscreen] 22.123992ms
2015-08-19 16:14:56.044 moments_mobile[9189:4510987] [CDVTimer][keyboard] 0.072002ms
2015-08-19 16:14:56.044 moments_mobile[9189:4510987] [CDVTimer][TotalPluginStartup] 22.580981ms
2015-08-19 16:14:56.106 moments_mobile[9189:4510987] Resetting plugins due to page load.
2015-08-19 16:14:56.332 moments_mobile[9189:4510987] Finished load of: file:///Users/acanyon/Library/Developer/CoreSimulator/Devices/01F7B004-CEB4-470D-9FD7-5B17775A5EB7/data/Containers/Bundle/Application/A9CDD556-712F-42C7-93C9-D15F04EC17A9/moments_mobile.app/www/index.html
2015-08-19 16:15:05.250 moments_mobile[9189:4510987] Showing keyboard not supported in iOS due to platform limitations.
2015-08-19 16:15:49.908 moments_mobile[9189:4510987] Showing keyboard not supported in iOS due to platform limitations.
2015-08-19 16:15:52.582 moments_mobile[9189:4510987] Showing keyboard not supported in iOS due to platform limitations.
2015-08-19 16:15:53.802 moments_mobile[9189:4510987] Showing keyboard not supported in iOS due to platform limitations.
2015-08-19 16:15:54.617 moments_mobile[9189:4510987] Showing keyboard not supported in iOS due to platform limitations.
2015-08-19 16:16:14.003 moments_mobile[9189:4510987] Showing keyboard not supported in iOS due to platform limitations.
2015-08-19 16:16:27.541 moments_mobile[9189:4510987] Showing keyboard not supported in iOS due to platform limitations.
2015-08-19 16:16:37.233 moments_mobile[9189:4510987] Showing keyboard not supported in iOS due to platform limitations.
2015-08-19 16:18:59.717 moments_mobile[9189:4510987] Showing keyboard not supported in iOS due to platform limitations.
2015-08-19 17:19:08.121 moments_mobile[9189:4510987]  .... submitting ..... 
2015-08-19 17:36:51.614 moments_mobile[9189:4510987] Showing keyboard not supported in iOS due to platform limitations.
2015-08-19 18:48:17.929 moments_mobile[19537:5369393] DiskCookieStorage changing policy from 2 to 0, cookie file: file:///Users/acanyon/Library/Developer/CoreSimulator/Devices/01F7B004-CEB4-470D-9FD7-5B17775A5EB7/data/Containers/Data/Application/5F585732-4968-4F05-8F0A-60FB38F41E81/Library/Cookies/Cookies.binarycookies
2015-08-19 18:48:17.995 moments_mobile[19537:5369393] Apache Cordova native platform version 3.8.0 is starting.
2015-08-19 18:48:17.995 moments_mobile[19537:5369393] Multi-tasking -> Device: YES, App: YES
2015-08-19 18:48:17.996 moments_mobile[19537:5369393] Unlimited access to network resources
2015-08-19 18:48:18.088 moments_mobile[19537:5369393] [CDVTimer][splashscreen] 20.635009ms
2015-08-19 18:48:18.088 moments_mobile[19537:5369393] [CDVTimer][keyboard] 0.050008ms
2015-08-19 18:48:18.088 moments_mobile[19537:5369393] [CDVTimer][TotalPluginStartup] 20.920992ms
2015-08-19 18:48:18.144 moments_mobile[19537:5369393] Resetting plugins due to page load.
2015-08-19 18:48:18.355 moments_mobile[19537:5369393] Finished load of: file:///Users/acanyon/Library/Developer/CoreSimulator/Devices/01F7B004-CEB4-470D-9FD7-5B17775A5EB7/data/Containers/Bundle/Application/5E427463-610A-4B80-9137-5326849C9A1D/moments_mobile.app/www/index.html
2015-08-19 18:52:09.134 moments_mobile[20342:5418760] DiskCookieStorage changing policy from 2 to 0, cookie file: file:///Users/acanyon/Library/Developer/CoreSimulator/Devices/01F7B004-CEB4-470D-9FD7-5B17775A5EB7/data/Containers/Data/Application/08CB68C8-C6B1-48C9-A577-B9F488E51C7B/Library/Cookies/Cookies.binarycookies
2015-08-19 18:52:09.252 moments_mobile[20342:5418760] Apache Cordova native platform version 3.8.0 is starting.
2015-08-19 18:52:09.252 moments_mobile[20342:5418760] Multi-tasking -> Device: YES, App: YES
2015-08-19 18:52:09.253 moments_mobile[20342:5418760] Unlimited access to network resources
2015-08-19 18:52:09.344 moments_mobile[20342:5418760] [CDVTimer][splashscreen] 18.617034ms
2015-08-19 18:52:09.344 moments_mobile[20342:5418760] [CDVTimer][keyboard] 0.048041ms
2015-08-19 18:52:09.344 moments_mobile[20342:5418760] [CDVTimer][TotalPluginStartup] 18.902957ms
2015-08-19 18:52:09.453 moments_mobile[20342:5418760] Resetting plugins due to page load.
2015-08-19 18:52:09.653 moments_mobile[20342:5418760] Finished load of: file:///Users/acanyon/Library/Developer/CoreSimulator/Devices/01F7B004-CEB4-470D-9FD7-5B17775A5EB7/data/Containers/Bundle/Application/4132090F-49FD-4A87-9BAD-5F02061C5687/moments_mobile.app/www/index.html
2015-08-19 18:52:22.486 moments_mobile[20708:5422206] DiskCookieStorage changing policy from 2 to 0, cookie file: file:///Users/acanyon/Library/Developer/CoreSimulator/Devices/01F7B004-CEB4-470D-9FD7-5B17775A5EB7/data/Containers/Data/Application/72499D39-DC01-4CFC-A30E-108A14A7DA7E/Library/Cookies/Cookies.binarycookies
2015-08-19 18:52:22.552 moments_mobile[20708:5422206] Apache Cordova native platform version 3.8.0 is starting.
2015-08-19 18:52:22.552 moments_mobile[20708:5422206] Multi-tasking -> Device: YES, App: YES
2015-08-19 18:52:22.554 moments_mobile[20708:5422206] Unlimited access to network resources
2015-08-19 18:52:22.631 moments_mobile[20708:5422206] [CDVTimer][splashscreen] 12.243986ms
2015-08-19 18:52:22.631 moments_mobile[20708:5422206] [CDVTimer][keyboard] 0.046015ms
2015-08-19 18:52:22.631 moments_mobile[20708:5422206] [CDVTimer][TotalPluginStartup] 12.522995ms
2015-08-19 18:52:22.697 moments_mobile[20708:5422206] Resetting plugins due to page load.
2015-08-19 18:52:22.933 moments_mobile[20708:5422206] Finished load of: file:///Users/acanyon/Library/Developer/CoreSimulator/Devices/01F7B004-CEB4-470D-9FD7-5B17775A5EB7/data/Containers/Bundle/Application/F3BA17DB-367E-4198-A9D3-BC1742722C2A/moments_mobile.app/www/index.html
2015-08-19 19:14:23.142 moments_mobile[20708:5427356] Communications error: <OS_xpc_error: <error: 0x2def5f4> { count = 1, contents =
	"XPCErrorDescription" => <string: 0x2def83c> { length = 22, contents = "Connection interrupted" }
}>
2015-08-19 21:39:49.303 moments_mobile[29086:6297294] DiskCookieStorage changing policy from 2 to 0, cookie file: file:///Users/acanyon/Library/Developer/CoreSimulator/Devices/01F7B004-CEB4-470D-9FD7-5B17775A5EB7/data/Containers/Data/Application/3542E3E0-A4E6-4143-B2CB-14326C0FEEC5/Library/Cookies/Cookies.binarycookies
2015-08-19 21:39:49.444 moments_mobile[29086:6297294] Apache Cordova native platform version 3.8.0 is starting.
2015-08-19 21:39:49.444 moments_mobile[29086:6297294] Multi-tasking -> Device: YES, App: YES
2015-08-19 21:39:49.448 moments_mobile[29086:6297294] Unlimited access to network resources
2015-08-19 21:39:49.632 moments_mobile[29086:6297294] [CDVTimer][splashscreen] 74.006021ms
2015-08-19 21:39:49.632 moments_mobile[29086:6297294] [CDVTimer][keyboard] 0.052989ms
2015-08-19 21:39:49.632 moments_mobile[29086:6297294] [CDVTimer][TotalPluginStartup] 74.310005ms
2015-08-19 21:39:49.747 moments_mobile[29086:6297294] Resetting plugins due to page load.
2015-08-19 21:39:50.045 moments_mobile[29086:6297294] Finished load of: file:///Users/acanyon/Library/Developer/CoreSimulator/Devices/01F7B004-CEB4-470D-9FD7-5B17775A5EB7/data/Containers/Bundle/Application/E58E0BFC-D356-4EFD-9B90-394AFCE6234A/moments_mobile.app/www/index.html
2015-08-19 22:05:56.313 moments_mobile[29086:6317951] Communications error: <OS_xpc_error: <error: 0x32125f4> { count = 1, contents =
	"XPCErrorDescription" => <string: 0x321283c> { length = 22, contents = "Connection interrupted" }
}>
2015-08-20 15:33:37.974 moments_mobile[35121:7750428] DiskCookieStorage changing policy from 2 to 0, cookie file: file:///Users/acanyon/Library/Developer/CoreSimulator/Devices/01F7B004-CEB4-470D-9FD7-5B17775A5EB7/data/Containers/Data/Application/680B43EF-39D4-4F94-856A-9011F04340C8/Library/Cookies/Cookies.binarycookies
2015-08-20 15:33:38.153 moments_mobile[35121:7750428] Apache Cordova native platform version 3.8.0 is starting.
2015-08-20 15:33:38.154 moments_mobile[35121:7750428] Multi-tasking -> Device: YES, App: YES
2015-08-20 15:33:38.168 moments_mobile[35121:7750428] Unlimited access to network resources
2015-08-20 15:33:38.351 moments_mobile[35121:7750428] [CDVTimer][splashscreen] 90.002000ms
2015-08-20 15:33:38.352 moments_mobile[35121:7750428] [CDVTimer][keyboard] 0.072956ms
2015-08-20 15:33:38.352 moments_mobile[35121:7750428] [CDVTimer][TotalPluginStartup] 90.434015ms
2015-08-20 15:33:38.460 moments_mobile[35121:7750428] Resetting plugins due to page load.
2015-08-20 15:33:38.712 moments_mobile[35121:7750428] Finished load of: file:///Users/acanyon/Library/Developer/CoreSimulator/Devices/01F7B004-CEB4-470D-9FD7-5B17775A5EB7/data/Containers/Bundle/Application/4C6E629A-7824-4F9F-896B-633D43C2335C/moments_mobile.app/www/index.html
2015-08-20 15:35:03.142 moments_mobile[35121:7750428]  .... submitting ..... 
2015-08-20 19:45:15.354 moments_mobile[35121:9325294] Communications error: <OS_xpc_error: <error: 0x31ad5f4> { count = 1, contents =
	"XPCErrorDescription" => <string: 0x31ad83c> { length = 22, contents = "Connection interrupted" }
}>
2015-08-20 22:56:07.461 moments_mobile[44664:9450402] DiskCookieStorage changing policy from 2 to 0, cookie file: file:///Users/acanyon/Library/Developer/CoreSimulator/Devices/01F7B004-CEB4-470D-9FD7-5B17775A5EB7/data/Containers/Data/Application/7DA3D3A7-E99F-4423-BB1C-EC5ADC95DD9B/Library/Cookies/Cookies.binarycookies
2015-08-20 22:56:07.719 moments_mobile[44664:9450402] Apache Cordova native platform version 3.8.0 is starting.
2015-08-20 22:56:07.719 moments_mobile[44664:9450402] Multi-tasking -> Device: YES, App: YES
2015-08-20 22:56:07.732 moments_mobile[44664:9450402] Unlimited access to network resources
2015-08-20 22:56:08.219 moments_mobile[44664:9450402] [CDVTimer][splashscreen] 143.580973ms
2015-08-20 22:56:08.219 moments_mobile[44664:9450402] [CDVTimer][keyboard] 0.052989ms
2015-08-20 22:56:08.219 moments_mobile[44664:9450402] [CDVTimer][TotalPluginStartup] 143.898964ms
2015-08-20 22:56:08.333 moments_mobile[44664:9450402] Resetting plugins due to page load.
2015-08-20 22:56:09.186 moments_mobile[44664:9450402] Finished load of: file:///Users/acanyon/Library/Developer/CoreSimulator/Devices/01F7B004-CEB4-470D-9FD7-5B17775A5EB7/data/Containers/Bundle/Application/D1E6D291-151C-48D1-8621-F751DC8B1254/moments_mobile.app/www/index.html
